Test project /Users/liuyifeng/Desktop/C++/LogSystem/build/test
      Start  1: JsonHelperTest.Constructor_CreateNewConfig
 1/75 Test  #1: JsonHelperTest.Constructor_CreateNewConfig .................................................................   Passed    0.00 sec
      Start  2: JsonHelperTest.Constructor_LoadExistingConfig
 2/75 Test  #2: JsonHelperTest.Constructor_LoadExistingConfig ..............................................................   Passed    0.00 sec
      Start  3: JsonHelperTest.SetAndGetBasicTypes
 3/75 Test  #3: JsonHelperTest.SetAndGetBasicTypes .........................................................................   Passed    0.00 sec
      Start  4: JsonHelperTest.NestedConfiguration
 4/75 Test  #4: JsonHelperTest.NestedConfiguration .........................................................................   Passed    0.00 sec
      Start  5: JsonHelperTest.HasAndHasGroup
 5/75 Test  #5: JsonHelperTest.HasAndHasGroup ..............................................................................   Passed    0.00 sec
      Start  6: JsonHelperTest.RemoveAndRemoveGroup
 6/75 Test  #6: JsonHelperTest.RemoveAndRemoveGroup ........................................................................   Passed    0.00 sec
      Start  7: JsonHelperTest.GetGroupKeys
 7/75 Test  #7: JsonHelperTest.GetGroupKeys ................................................................................   Passed    0.00 sec
      Start  8: JsonHelperTest.GetAllGroups
 8/75 Test  #8: JsonHelperTest.GetAllGroups ................................................................................   Passed    0.00 sec
      Start  9: JsonHelperTest.SaveAndLoadFile
 9/75 Test  #9: JsonHelperTest.SaveAndLoadFile .............................................................................   Passed    0.00 sec
      Start 10: JsonHelperTest.ReloadFromFile
10/75 Test #10: JsonHelperTest.ReloadFromFile ..............................................................................   Passed    0.00 sec
      Start 11: JsonHelperTest.SetFilePath
11/75 Test #11: JsonHelperTest.SetFilePath .................................................................................   Passed    0.00 sec
      Start 12: JsonHelperTest.Clear
12/75 Test #12: JsonHelperTest.Clear .......................................................................................   Passed    0.00 sec
      Start 13: JsonHelperTest.SizeAndPropertySize
13/75 Test #13: JsonHelperTest.SizeAndPropertySize .........................................................................   Passed    0.00 sec
      Start 14: JsonHelperTest.TypeConversionError
14/75 Test #14: JsonHelperTest.TypeConversionError .........................................................................   Passed    0.00 sec
      Start 15: JsonHelperTest.InvalidJsonFile
15/75 Test #15: JsonHelperTest.InvalidJsonFile .............................................................................   Passed    0.00 sec
      Start 16: JsonHelperTest.ArrayConfiguration
16/75 Test #16: JsonHelperTest.ArrayConfiguration ..........................................................................   Passed    0.00 sec
      Start 17: JsonHelperTest.ComplexNestedStructure
17/75 Test #17: JsonHelperTest.ComplexNestedStructure ......................................................................   Passed    0.00 sec
      Start 18: {."basic": {
18/75 Test #18: {."basic": { ...............................................................................................   Passed    0.00 sec
      Start 19: {."autoExpandMultiply": 4,
19/75 Test #19: {."autoExpandMultiply": 4, .................................................................................   Passed    0.00 sec
      Start 20: {."maxBlockTime_us": 16,
20/75 Test #20: {."maxBlockTime_us": 16, ...................................................................................   Passed    0.00 sec
      Start 21: {."maxDropCount": 40960,
21/75 Test #21: {."maxDropCount": 40960, ...................................................................................   Passed    0.00 sec
      Start 22: {."maxQueueSize": 81920,
22/75 Test #22: {."maxQueueSize": 81920, ...................................................................................   Passed    0.00 sec
      Start 23: {."queueFullPolicy": "BLOCK"
23/75 Test #23: {."queueFullPolicy": "BLOCK" ...............................................................................   Passed    0.00 sec
      Start 24: {.},
24/75 Test #24: {.}, .......................................................................................................   Passed    0.00 sec
      Start 25: {."cloud": {
25/75 Test #25: {."cloud": { ...............................................................................................   Passed    0.00 sec
      Start 26: {."apiKey": "123456",
26/75 Test #26: {."apiKey": "123456", ......................................................................................   Passed    0.00 sec
      Start 27: {."deleteAfterUpload": false,
27/75 Test #27: {."deleteAfterUpload": false, ..............................................................................   Passed    0.00 sec
      Start 28: {."enable": true,
28/75 Test #28: {."enable": true, ..........................................................................................   Passed    0.00 sec
      Start 29: {."maxQueueSize": 100,
29/75 Test #29: {."maxQueueSize": 100, .....................................................................................   Passed    0.00 sec
      Start 30: {."maxRetries": 3,
30/75 Test #30: {."maxRetries": 3, .........................................................................................   Passed    0.00 sec
      Start 31: {."retryDelay_s": 5,
31/75 Test #31: {."retryDelay_s": 5, .......................................................................................   Passed    0.00 sec
      Start 32: {."serverUrl": "localhost:50000",
32/75 Test #32: {."serverUrl": "localhost:50000", ..........................................................................   Passed    0.00 sec
      Start 33: {."uploadEndpoint": "/api/upload",
33/75 Test #33: {."uploadEndpoint": "/api/upload", .........................................................................   Passed    0.00 sec
      Start 34: {."uploadTimeout_s": 30
34/75 Test #34: {."uploadTimeout_s": 30 ....................................................................................   Passed    0.00 sec
      Start 35: {.},
35/75 Test #35: {.}, .......................................................................................................   Passed    0.00 sec
      Start 36: {."output": {
36/75 Test #36: {."output": { ..............................................................................................   Passed    0.00 sec
      Start 37: {."logRootDir": "./logs",
37/75 Test #37: {."logRootDir": "./logs", ..................................................................................   Passed    0.00 sec
      Start 38: {."minLogLevel": 0,
38/75 Test #38: {."minLogLevel": 0, ........................................................................................   Passed    0.00 sec
      Start 39: {."toConsole": true,
39/75 Test #39: {."toConsole": true, .......................................................................................   Passed    0.00 sec
      Start 40: {."toFile": true
40/75 Test #40: {."toFile": true ...........................................................................................   Passed    0.00 sec
      Start 41: {.},
41/75 Test #41: {.}, .......................................................................................................   Passed    0.00 sec
      Start 42: {."performance": {
42/75 Test #42: {."performance": { .........................................................................................   Passed    0.00 sec
      Start 43: {."consoleBatchSize": 512,
43/75 Test #43: {."consoleBatchSize": 512, .................................................................................   Passed    0.00 sec
      Start 44: {."consoleBufferSize_kb": 16,
44/75 Test #44: {."consoleBufferSize_kb": 16, ..............................................................................   Passed    0.00 sec
      Start 45: {."consoleFlushInterval_ms": 50,
45/75 Test #45: {."consoleFlushInterval_ms": 50, ...........................................................................   Passed    0.00 sec
      Start 46: {."enableAsyncConsole": true,
46/75 Test #46: {."enableAsyncConsole": true, ..............................................................................   Passed    0.00 sec
      Start 47: {."fileBatchSize": 1024,
47/75 Test #47: {."fileBatchSize": 1024, ...................................................................................   Passed    0.00 sec
      Start 48: {."fileBufferSize_kb": 32,
48/75 Test #48: {."fileBufferSize_kb": 32, .................................................................................   Passed    0.00 sec
      Start 49: {."fileFlushInterval_ms": 100
49/75 Test #49: {."fileFlushInterval_ms": 100 ..............................................................................   Passed    0.00 sec
      Start 50: {.},
50/75 Test #50: {.}, .......................................................................................................   Passed    0.00 sec
      Start 51: {."rotation": {
51/75 Test #51: {."rotation": { ............................................................................................   Passed    0.00 sec
      Start 52: {."maxLogFileCount": 10,
52/75 Test #52: {."maxLogFileCount": 10, ...................................................................................   Passed    0.00 sec
      Start 53: {."maxLogFileSize": 10485760
53/75 Test #53: {."maxLogFileSize": 10485760 ...............................................................................   Passed    0.00 sec
      Start 54: {.}
54/75 Test #54: {.} ........................................................................................................   Passed    0.00 sec
      Start 55: BasicFunctionalityTest.BasicLoggingWorks
55/75 Test #55: BasicFunctionalityTest.BasicLoggingWorks ...................................................................   Passed    0.51 sec
      Start 56: BasicFunctionalityTest.LogLevelFiltering
56/75 Test #56: BasicFunctionalityTest.LogLevelFiltering ...................................................................   Passed    0.51 sec
      Start 57: BasicFunctionalityTest.DualOutputMode
57/75 Test #57: BasicFunctionalityTest.DualOutputMode ......................................................................   Passed    0.52 sec
      Start 58: LogRotationTest.SizeBasedRotation
58/75 Test #58: LogRotationTest.SizeBasedRotation ..........................................................................   Passed    1.02 sec
      Start 59: LogRotationTest.TimeBasedRotation
59/75 Test #59: LogRotationTest.TimeBasedRotation ..........................................................................   Passed    0.52 sec
      Start 60: LogRotationTest.FileCleanup
60/75 Test #60: LogRotationTest.FileCleanup ................................................................................   Passed    1.26 sec
      Start 61: ThreadSafetyTest.ConcurrentLogging
61/75 Test #61: ThreadSafetyTest.ConcurrentLogging .........................................................................   Passed    1.03 sec
      Start 62: ThreadSafetyTest.ConcurrentRotation
62/75 Test #62: ThreadSafetyTest.ConcurrentRotation ........................................................................   Passed    1.02 sec
      Start 63: StressTest.HighVolumeLogging
63/75 Test #63: StressTest.HighVolumeLogging ...............................................................................   Passed    2.13 sec
      Start 64: StressTest.LongRunningStability
64/75 Test #64: StressTest.LongRunningStability ............................................................................   Passed    5.52 sec
      Start 65: ErrorHandlingTest.InvalidLogDirectory
65/75 Test #65: ErrorHandlingTest.InvalidLogDirectory ......................................................................   Passed    0.01 sec
      Start 66: ErrorHandlingTest.DiskFullSimulation
66/75 Test #66: ErrorHandlingTest.DiskFullSimulation .......................................................................   Passed    0.01 sec
      Start 67: QueuePolicyTest.QueueFullDropPolicy
67/75 Test #67: QueuePolicyTest.QueueFullDropPolicy ........................................................................   Passed    0.52 sec
      Start 68: QueuePolicyTest.QueueFullBlockPolicy
68/75 Test #68: QueuePolicyTest.QueueFullBlockPolicy .......................................................................   Passed    1.02 sec
      Start 69: LogLevels/LogLevelParameterizedTest.LogLevelFiltering/(0, { "DEBUG", "INFO", "WARN", "ERROR", "FATAL" })
69/75 Test #69: LogLevels/LogLevelParameterizedTest.LogLevelFiltering/(0, { "DEBUG", "INFO", "WARN", "ERROR", "FATAL" }) ...   Passed    0.52 sec
      Start 70: LogLevels/LogLevelParameterizedTest.LogLevelFiltering/(1, { "INFO", "WARN", "ERROR", "FATAL" })
70/75 Test #70: LogLevels/LogLevelParameterizedTest.LogLevelFiltering/(1, { "INFO", "WARN", "ERROR", "FATAL" }) ............   Passed    0.52 sec
      Start 71: LogLevels/LogLevelParameterizedTest.LogLevelFiltering/(2, { "WARN", "ERROR", "FATAL" })
71/75 Test #71: LogLevels/LogLevelParameterizedTest.LogLevelFiltering/(2, { "WARN", "ERROR", "FATAL" }) ....................   Passed    0.52 sec
      Start 72: LogLevels/LogLevelParameterizedTest.LogLevelFiltering/(3, { "ERROR", "FATAL" })
72/75 Test #72: LogLevels/LogLevelParameterizedTest.LogLevelFiltering/(3, { "ERROR", "FATAL" }) ............................   Passed    0.52 sec
      Start 73: LogLevels/LogLevelParameterizedTest.LogLevelFiltering/(4, { "FATAL" })
73/75 Test #73: LogLevels/LogLevelParameterizedTest.LogLevelFiltering/(4, { "FATAL" }) .....................................   Passed    0.52 sec
      Start 74: Test_JsonHelper
74/75 Test #74: Test_JsonHelper ............................................................................................   Passed    0.01 sec
      Start 75: Test_LogSystem
75/75 Test #75: Test_LogSystem .............................................................................................   Passed   18.14 sec

100% tests passed, 0 tests failed out of 75

Total Test time (real) =  36.49 sec
